c:\users\acer\source\repos\pikachuuu\pikachuuu\x64\debug\vc143.pdb
c:\users\acer\source\repos\pikachuuu\pikachuuu\x64\debug\vc143.idb
c:\users\acer\source\repos\pikachuuu\pikachuuu\x64\debug\utility.obj
c:\users\acer\source\repos\pikachuuu\pikachuuu\x64\debug\struct.obj
c:\users\acer\source\repos\pikachuuu\pikachuuu\x64\debug\normalmode.obj
c:\users\acer\source\repos\pikachuuu\pikachuuu\x64\debug\main.obj
c:\users\acer\source\repos\pikachuuu\pikachuuu\x64\debug\difficultmode.obj
c:\users\acer\source\repos\pikachuuu\pikachuuu\x64\debug\consolesettings.obj
c:\users\acer\source\repos\pikachuuu\pikachuuu\x64\debug\check2.obj
c:\users\acer\source\repos\pikachuuu\pikachuuu\x64\debug\check1.obj
c:\users\acer\source\repos\pikachuuu\x64\debug\pikachuuu.exe
c:\users\acer\source\repos\pikachuuu\x64\debug\pikachuuu.pdb
c:\users\acer\source\repos\pikachuuu\pikachuuu\x64\debug\pikachuuu.ilk
c:\users\acer\source\repos\pikachuuu\pikachuuu\x64\debug\pikachuuu.tlog\cl.command.1.tlog
c:\users\acer\source\repos\pikachuuu\pikachuuu\x64\debug\pikachuuu.tlog\cl.items.tlog
c:\users\acer\source\repos\pikachuuu\pikachuuu\x64\debug\pikachuuu.tlog\cl.read.1.tlog
c:\users\acer\source\repos\pikachuuu\pikachuuu\x64\debug\pikachuuu.tlog\cl.write.1.tlog
c:\users\acer\source\repos\pikachuuu\pikachuuu\x64\debug\pikachuuu.tlog\link.command.1.tlog
c:\users\acer\source\repos\pikachuuu\pikachuuu\x64\debug\pikachuuu.tlog\link.read.1.tlog
c:\users\acer\source\repos\pikachuuu\pikachuuu\x64\debug\pikachuuu.tlog\link.secondary.1.tlog
c:\users\acer\source\repos\pikachuuu\pikachuuu\x64\debug\pikachuuu.tlog\link.write.1.tlog
